<?xml version="1.0" encoding="UTF-8"?>
<testsuite xmlns:xsi="http://www.w3.org/2001/XMLSchema-instance" xsi:noNamespaceSchemaLocation="https://maven.apache.org/surefire/maven-surefire-plugin/xsd/surefire-test-report-3.0.xsd" version="3.0" name="org.example.BaseBallGameTest" time="0.137" tests="31" errors="0" skipped="0" failures="0">
  <properties>
[...]
</properties>
  <testcase name="check_score_error1" classname="org.example.BaseBallGameTest" time="0.048">
    <system-out><![CDATA[Process in progress!...

]]></system-out>
  </testcase>
  <testcase name="check_score_error2" classname="org.example.BaseBallGameTest" time="0.002">
    <system-out><![CDATA[Process in progress!...

局分不對:不可能有負數分數!
]]></system-out>
  </testcase>
  <testcase name="check_score_error3" classname="org.example.BaseBallGameTest" time="0.002">
    <system-out><![CDATA[Process in progress!...

局分不對:不可能有負數分數!
]]></system-out>
  </testcase>
  <testcase name="check_score_error4" classname="org.example.BaseBallGameTest" time="0.002">
    <system-out><![CDATA[Process in progress!...

成員分數不對:不可能有負數分的情況!
]]></system-out>
  </testcase>
  <testcase name="check_score_error5" classname="org.example.BaseBallGameTest" time="0.001">
    <system-out><![CDATA[Process in progress!...

成員分數不對:不可能有負數分的情況!
]]></system-out>
  </testcase>
  <testcase name="check_score_error6" classname="org.example.BaseBallGameTest" time="0.002">
    <system-out><![CDATA[Process in progress!...

局數不對:至少打9局!
]]></system-out>
  </testcase>
  <testcase name="check_score_error7" classname="org.example.BaseBallGameTest" time="0.002">
    <system-out><![CDATA[Process in progress!...

局數不對:至少打9局!
]]></system-out>
  </testcase>
  <testcase name="check_score_error8" classname="org.example.BaseBallGameTest" time="0.001">
    <system-out><![CDATA[Process in progress!...

前攻者人數不對:比賽成員只能有9個!
]]></system-out>
  </testcase>
  <testcase name="check_score_error9" classname="org.example.BaseBallGameTest" time="0.001">
    <system-out><![CDATA[Process in progress!...

後攻者人數不對:比賽成員只能有9個!
]]></system-out>
  </testcase>
  <testcase name="check_score_error10" classname="org.example.BaseBallGameTest" time="0.001">
    <system-out><![CDATA[Process in progress!...

前攻隊總分不一致!
]]></system-out>
  </testcase>
  <testcase name="check_score_error11" classname="org.example.BaseBallGameTest" time="0.002">
    <system-out><![CDATA[Process in progress!...

後攻隊總分不一致!
]]></system-out>
  </testcase>
  <testcase name="check_score_error12" classname="org.example.BaseBallGameTest" time="0.002">
    <system-out><![CDATA[Process in progress!...

局數不對:不是9局就是10局，兩邊局數要一樣!
]]></system-out>
  </testcase>
  <testcase name="check_score_error13" classname="org.example.BaseBallGameTest" time="0.002">
    <system-out><![CDATA[Process in progress!...

局數不對:不是9局就是10局，兩邊局數要一樣!
]]></system-out>
  </testcase>
  <testcase name="check_score_error14" classname="org.example.BaseBallGameTest" time="0.001">
    <system-out><![CDATA[Process in progress!...

局分不對:不可能有負數分數!
]]></system-out>
  </testcase>
  <testcase name="check_score_error15" classname="org.example.BaseBallGameTest" time="0.001">
    <system-out><![CDATA[Process in progress!...

局分不對:不可能有負數分數!
]]></system-out>
  </testcase>
  <testcase name="check_score_error16" classname="org.example.BaseBallGameTest" time="0.001">
    <system-out><![CDATA[Process in progress!...

局分不對:前攻者不可能有X的情況!
]]></system-out>
  </testcase>
  <testcase name="check_score_error17" classname="org.example.BaseBallGameTest" time="0.001">
    <system-out><![CDATA[Process in progress!...

總分不對:不可能有平手的情況!
]]></system-out>
  </testcase>
  <testcase name="check_score_error18" classname="org.example.BaseBallGameTest" time="0.001">
    <system-out><![CDATA[Process in progress!...

不合理的提前結束:不合理的提前結束後攻者只打到8下，不可能輸給前攻者!
]]></system-out>
  </testcase>
  <testcase name="check_score_error19" classname="org.example.BaseBallGameTest" time="0.001">
    <system-out><![CDATA[Process in progress!...

局分不對:延長賽不可能有X的情況!
]]></system-out>
  </testcase>
  <testcase name="check_score_error20" classname="org.example.BaseBallGameTest" time="0.001">
    <system-out><![CDATA[Process in progress!...

局分不對:延長賽不可能有X的情況!
]]></system-out>
  </testcase>
  <testcase name="check_score_error21" classname="org.example.BaseBallGameTest" time="0.002">
    <system-out><![CDATA[Process in progress!...

不合理的延長賽:第9局已經分出勝負!
]]></system-out>
  </testcase>
  <testcase name="check_score_error22" classname="org.example.BaseBallGameTest" time="0.001">
    <system-out><![CDATA[Process in progress!...

不合理的延長賽:第9局已經分出勝負!
]]></system-out>
  </testcase>
  <testcase name="check_score_error23" classname="org.example.BaseBallGameTest" time="0.001">
    <system-out><![CDATA[Process in progress!...

總分不對:不可能有平手的情況!
]]></system-out>
  </testcase>
  <testcase name="check_score_error24" classname="org.example.BaseBallGameTest" time="0.001">
    <system-out><![CDATA[Process in progress!...

2隊人數都不對:比賽成員各只能有9個!
]]></system-out>
  </testcase>
  <testcase name="check_score_error25" classname="org.example.BaseBallGameTest" time="0">
    <system-out><![CDATA[Process in progress!...

局數不對:不是9局就是10局，兩邊局數要一樣!
]]></system-out>
  </testcase>
  <testcase name="check_score_error26" classname="org.example.BaseBallGameTest" time="0.004">
    <system-out><![CDATA[Process in progress!...

不合理的延長延長賽:第10局已經分出勝負!
]]></system-out>
  </testcase>
  <testcase name="check_score1_true1" classname="org.example.BaseBallGameTest" time="0.001">
    <system-out><![CDATA[Process in progress!...

後攻者贏了 1分
]]></system-out>
  </testcase>
  <testcase name="check_score1_true2" classname="org.example.BaseBallGameTest" time="0.001">
    <system-out><![CDATA[Process in progress!...

前攻者贏了 1分
]]></system-out>
  </testcase>
  <testcase name="check_score1_true3" classname="org.example.BaseBallGameTest" time="0.001">
    <system-out><![CDATA[Process in progress!...

後攻者贏了 1分
]]></system-out>
  </testcase>
  <testcase name="check_score1_true4" classname="org.example.BaseBallGameTest" time="0">
    <system-out><![CDATA[Process in progress!...

前攻者贏了 1分
]]></system-out>
  </testcase>
  <testcase name="check_score1_true5" classname="org.example.BaseBallGameTest" time="0.001">
    <system-out><![CDATA[Process in progress!...

後攻者贏了 1分
]]></system-out>
  </testcase>
</testsuite>